<?xml version="1.0" encoding="UTF-8"?>
<!-- Generated by org.testng.reporters.JUnitReportReporter -->
<testsuite hostname="root-pro2019" name="com.gogoair.post.request.validations.PostValidations" tests="2" failures="0" timestamp="22 Aug 2019 08:08:04 GMT" time="7.178" errors="0">
  <testcase name="validatePostRequest" time="4.737" classname="com.gogoair.post.request.validations.PostValidations"/>
  <testcase name="validateGetRequest" time="2.441" classname="com.gogoair.post.request.validations.PostValidations"/>
</testsuite> <!-- com.gogoair.post.request.validations.PostValidations -->
