<?xml version="1.0" encoding="UTF-8"?>
<!-- Generated by org.testng.reporters.JUnitReportReporter -->
<testsuite hostname="root-pro2019" name="com.gogoair.post.request.validations.APIValidations" tests="6" failures="0" timestamp="22 Aug 2019 15:21:26 GMT" time="3.684" errors="0">
  <testcase name="validateGetRequest" time="0.292" classname="com.gogoair.post.request.validations.APIValidations"/>
  <testcase name="validatePostRequestWithInvalidAuthorization" time="0.277" classname="com.gogoair.post.request.validations.APIValidations"/>
  <testcase name="validatePostRequest" time="1.791" classname="com.gogoair.post.request.validations.APIValidations"/>
  <testcase name="validatePostRequestWithMissingAuthorization" time="0.282" classname="com.gogoair.post.request.validations.APIValidations"/>
  <testcase name="validatePostRequestWithInvalidGender" time="0.734" classname="com.gogoair.post.request.validations.APIValidations"/>
  <testcase name="validatePostRequestWithMissingField" time="0.308" classname="com.gogoair.post.request.validations.APIValidations"/>
</testsuite> <!-- com.gogoair.post.request.validations.APIValidations -->
